mode: set
github.com/weisrc/recordb/tree/get.go:3.82,7.21 3 1
github.com/weisrc/recordb/tree/get.go:17.2,17.12 1 1
github.com/weisrc/recordb/tree/get.go:30.2,30.14 1 1
github.com/weisrc/recordb/tree/get.go:7.21,10.29 3 1
github.com/weisrc/recordb/tree/get.go:10.29,13.9 3 0
github.com/weisrc/recordb/tree/get.go:17.12,19.13 1 1
github.com/weisrc/recordb/tree/get.go:22.3,22.21 1 1
github.com/weisrc/recordb/tree/get.go:25.3,25.54 1 1
github.com/weisrc/recordb/tree/get.go:19.13,21.4 1 1
github.com/weisrc/recordb/tree/get.go:22.21,24.4 1 0
github.com/weisrc/recordb/tree/get.go:25.54,28.4 1 1
github.com/weisrc/recordb/tree/get.go:33.54,35.2 1 1
github.com/weisrc/recordb/tree/get.go:37.65,38.42 1 0
github.com/weisrc/recordb/tree/get.go:41.2,41.8 1 0
github.com/weisrc/recordb/tree/get.go:38.42,40.3 1 0
github.com/weisrc/recordb/tree/hash.go:4.27,5.31 1 1
github.com/weisrc/recordb/tree/hash.go:16.2,16.11 1 0
github.com/weisrc/recordb/tree/hash.go:5.31,7.3 1 1
github.com/weisrc/recordb/tree/hash.go:7.8,7.23 1 1
github.com/weisrc/recordb/tree/hash.go:7.23,9.3 1 1
github.com/weisrc/recordb/tree/hash.go:9.8,9.23 1 0
github.com/weisrc/recordb/tree/hash.go:9.23,11.3 1 0
github.com/weisrc/recordb/tree/hash.go:11.8,11.37 1 0
github.com/weisrc/recordb/tree/hash.go:11.37,13.3 1 0
github.com/weisrc/recordb/tree/hash.go:13.8,13.37 1 0
github.com/weisrc/recordb/tree/hash.go:13.37,15.3 1 0
github.com/weisrc/recordb/tree/remove.go:3.47,4.43 1 1
github.com/weisrc/recordb/tree/remove.go:24.2,24.12 1 1
github.com/weisrc/recordb/tree/remove.go:4.43,5.43 1 1
github.com/weisrc/recordb/tree/remove.go:5.43,8.41 3 1
github.com/weisrc/recordb/tree/remove.go:17.4,17.15 1 1
github.com/weisrc/recordb/tree/remove.go:8.41,9.43 1 1
github.com/weisrc/recordb/tree/remove.go:9.43,10.22 1 1
github.com/weisrc/recordb/tree/remove.go:10.22,13.12 3 1
github.com/weisrc/recordb/tree/remove.go:18.9,22.4 3 1
github.com/weisrc/recordb/tree/set.go:5.55,10.2 4 1
github.com/weisrc/recordb/tree/set.go:12.50,18.2 4 1
github.com/weisrc/recordb/tree/set.go:20.48,25.2 4 1
github.com/weisrc/recordb/tree/set.go:27.29,29.2 1 1
github.com/weisrc/recordb/tree/set.go:31.56,35.2 2 1
github.com/weisrc/recordb/tree/set.go:37.42,43.2 4 1
github.com/weisrc/recordb/tree/set.go:45.55,49.21 3 1
github.com/weisrc/recordb/tree/set.go:59.2,59.12 1 1
github.com/weisrc/recordb/tree/set.go:76.2,76.27 1 1
github.com/weisrc/recordb/tree/set.go:49.21,52.29 3 1
github.com/weisrc/recordb/tree/set.go:52.29,55.9 3 1
github.com/weisrc/recordb/tree/set.go:59.12,60.13 1 1
github.com/weisrc/recordb/tree/set.go:63.3,63.20 1 1
github.com/weisrc/recordb/tree/set.go:60.13,62.4 1 1
github.com/weisrc/recordb/tree/set.go:65.8,65.19 1 1
github.com/weisrc/recordb/tree/set.go:65.19,67.54 1 1
github.com/weisrc/recordb/tree/set.go:70.3,70.30 1 1
github.com/weisrc/recordb/tree/set.go:74.3,74.37 1 1
github.com/weisrc/recordb/tree/set.go:67.54,69.4 1 1
github.com/weisrc/recordb/tree/set.go:70.30,73.4 2 1
github.com/weisrc/recordb/tree/string.go:8.35,12.2 3 1
github.com/weisrc/recordb/tree/string.go:14.56,17.12 3 1
github.com/weisrc/recordb/tree/string.go:20.2,20.12 1 1
github.com/weisrc/recordb/tree/string.go:23.2,24.31 2 1
github.com/weisrc/recordb/tree/string.go:17.12,19.3 1 1
github.com/weisrc/recordb/tree/string.go:20.12,22.3 1 1
github.com/weisrc/recordb/tree/string.go:24.31,25.15 1 1
github.com/weisrc/recordb/tree/string.go:25.15,27.4 1 1
github.com/weisrc/recordb/tree/tree.go:17.58,23.2 5 0
github.com/weisrc/recordb/tree/tree.go:25.29,27.2 1 1
github.com/weisrc/recordb/tree/tree.go:29.40,33.2 3 1
github.com/weisrc/recordb/tree/tree.go:35.33,37.6 2 0
github.com/weisrc/recordb/tree/tree.go:43.2,43.20 1 0
github.com/weisrc/recordb/tree/tree.go:37.6,39.29 2 0
github.com/weisrc/recordb/tree/tree.go:39.29,40.9 1 0
